[    2000ms] [WARNING]   WARN  [Statsig] Creating multiple Statsig clients with the same SDK key can lead to unexpected behavior. Multi-instance support requires different SDK keys. @ https://www.notion.so/_assets/64398-f3fb5209bd82f03c.js:9
[    3208ms] [WARNING] Amplitude Logger [Warn]: Event not tracked, no destination plugins on the instance @ https://www.notion.so/_assets/transport-support-e7d414a1cfeb3949.js:1
[    3555ms] [WARNING] Ignoring inability to install OPFS sqlite3_vfs: Cannot install OPFS: Missing SharedArrayBuffer and/or Atomics. The server must emit the COOP/COEP response headers to enable those. See https://sqlite.org/wasm/doc/trunk/persistence.md#coop-coep @ https://www.notion.so/_assets/wasm-sqlite-worker-a0525194f23deb89.js:0
[    4933ms] [ERROR] Failed to load resource: the server responded with a status of 500 () @ https://www.notion.so/api/v3/loadPageChunkV2:0
[    5410ms] [ERROR] HttpRequestError: Received HTTP 500
    at l (https://www.notion.so/_assets/ClientFramework-d2e6c01cd0c43483.js:4:942)
    at async h (https://www.notion.so/_assets/ClientFramework-d2e6c01cd0c43483.js:4:3015)
    at async r (https://www.notion.so/_assets/app-13f0032acd8d0f5c.js:2:2275)
    at async l (https://www.notion.so/_assets/41403-307f0552ed32bcfb.js:81:14405)
    at async B (https://www.notion.so/_assets/81468-50e4b2bdfa225f28.js:9:2224)
    at async t (https://www.notion.so/_assets/81468-50e4b2bdfa225f28.js:77:14080) @ https://www.notion.so/_assets/51706-1770d9772fbdc756.js:6
[    6013ms] [ERROR] Failed to load resource: the server responded with a status of 403 () @ https://cdn.metadata.io/pixel/config/1127.json:0
[   88597ms] [WARNING] [GSI_LOGGER]: Your client application uses one of the Google One Tap prompt UI status methods that may stop functioning when FedCM becomes mandatory. Refer to the migration guide to update your code accordingly and opt-in to FedCM to test your changes. Learn more: https://developers.google.com/identity/gsi/web/guides/fedcm-migration?s=dc#display_moment and https://developers.google.com/identity/gsi/web/guides/fedcm-migration?s=dc#skipped_moment @ https://www.notion.so/_assets/51706-1770d9772fbdc756.js:6
[   88598ms] [ERROR] Not signed in with the identity provider. @ https://www.notion.so/Auxora-ai-SEO-32d45357db678073b8cff3b79632cee4:0
[   90319ms] [ERROR] Cross-Origin-Opener-Policy policy would block the window.closed call. @ https://www.notion.so/_assets/41403-307f0552ed32bcfb.js:95
[   90319ms] [ERROR] Cross-Origin-Opener-Policy policy would block the window.closed call. @ https://www.notion.so/_assets/41403-307f0552ed32bcfb.js:95
[   93318ms] [ERROR] [GSI_LOGGER]: FedCM get() rejects with NetworkError: Error retrieving a token. @ https://www.notion.so/_assets/51706-1770d9772fbdc756.js:6
[   99919ms] [ERROR] Cross-Origin-Opener-Policy policy would block the window.closed call. @ https://www.notion.so/_assets/41403-307f0552ed32bcfb.js:95
[   99919ms] [ERROR] Cross-Origin-Opener-Policy policy would block the window.closed call. @ https://www.notion.so/_assets/41403-307f0552ed32bcfb.js:95
[  100652ms] [ERROR] Cross-Origin-Opener-Policy policy would block the window.close call. @ https://www.notion.so/_assets/41403-307f0552ed32bcfb.js:95
[  100652ms] [ERROR] Cross-Origin-Opener-Policy policy would block the window.close call. @ https://www.notion.so/_assets/41403-307f0552ed32bcfb.js:95
[  103014ms] [ERROR] Attestation check for Attribution Reporting on https://www.facebook.com failed. @ https://www.notion.so/oauth2callback?state=eyJjYWxsYmFja1R5cGUiOiJwb3B1cCIsImVuY3J5cHRlZFRva2VuIjoidjAyOmxvZ2luX3dpdGhfZ29vZ2xlOll2QTZaaHJ5X0Nta1F3U21BVnhvWFo2d0xxOURZNFhwLUdxUTY0WWVfbmNvM2o4VXJpSDY3Y2FBTmszZU9VMHluZkgyTjBrWlR4MTR0QlJsRXZnRnJRb0NuUkZ6blUxSHdxeE95TnQ4ckxjTER0aHQwQm83cm5USWdrSnJsYTQwakdtWiJ9&iss=https%3A%2F%2Faccounts.google.com&code=4%2F0Aci98E86PQA6fBJ0Wkd5pvyG0m-GzDvZmB99imuU61AfBmDS0jxtmp3T3OBfXR4GTXeTGg&scope=email+profile+https%3A%2F%2Fwww.googleapis.com%2Fauth%2Fuserinfo.profile+https%3A%2F%2Fwww.googleapis.com%2Fauth%2Fuserinfo.email+openid&authuser=0&prompt=none:0
[  104108ms] [ERROR] Attestation check for Attribution Reporting on https://www.google-analytics.com failed. @ https://www.notion.so/oauth2callback?state=eyJjYWxsYmFja1R5cGUiOiJwb3B1cCIsImVuY3J5cHRlZFRva2VuIjoidjAyOmxvZ2luX3dpdGhfZ29vZ2xlOll2QTZaaHJ5X0Nta1F3U21BVnhvWFo2d0xxOURZNFhwLUdxUTY0WWVfbmNvM2o4VXJpSDY3Y2FBTmszZU9VMHluZkgyTjBrWlR4MTR0QlJsRXZnRnJRb0NuUkZ6blUxSHdxeE95TnQ4ckxjTER0aHQwQm83cm5USWdrSnJsYTQwakdtWiJ9&iss=https%3A%2F%2Faccounts.google.com&code=4%2F0Aci98E86PQA6fBJ0Wkd5pvyG0m-GzDvZmB99imuU61AfBmDS0jxtmp3T3OBfXR4GTXeTGg&scope=email+profile+https%3A%2F%2Fwww.googleapis.com%2Fauth%2Fuserinfo.profile+https%3A%2F%2Fwww.googleapis.com%2Fauth%2Fuserinfo.email+openid&authuser=0&prompt=none:0
[  104251ms] [WARNING]   WARN  [Statsig] Creating multiple Statsig clients with the same SDK key can lead to unexpected behavior. Multi-instance support requires different SDK keys. @ https://www.notion.so/_assets/64398-f3fb5209bd82f03c.js:9
[  104416ms] [WARNING] Ignoring inability to install OPFS sqlite3_vfs: Cannot install OPFS: Missing SharedArrayBuffer and/or Atomics. The server must emit the COOP/COEP response headers to enable those. See https://sqlite.org/wasm/doc/trunk/persistence.md#coop-coep @ https://www.notion.so/_assets/wasm-sqlite-worker-a0525194f23deb89.js:0
[  104474ms] Error: Failed to load a required record: user_root, 12cd872b-594c-8135-9b78-000225e14065, undefined.
    at Object.loadRecordModel [as loadFn] (https://www.notion.so/_assets/73868-aa274d78007fbdf1.js:1:47297)
    at async https://www.notion.so/_assets/73868-aa274d78007fbdf1.js:160:18140
    at async Promise.all (index 0)
    at async i (https://www.notion.so/_assets/73868-aa274d78007fbdf1.js:160:18081)
    at async o (https://www.notion.so/_assets/73868-aa274d78007fbdf1.js:160:17692)
    at async Object.s (https://www.notion.so/_assets/73868-aa274d78007fbdf1.js:160:18799)
    at async Object.i (https://www.notion.so/_assets/73868-aa274d78007fbdf1.js:1:46872)
    at async y (https://www.notion.so/_assets/41403-307f0552ed32bcfb.js:12:296547)
    at async o.measureErrors (https://www.notion.so/_assets/41403-307f0552ed32bcfb.js:80:136286)
    at async m (https://www.notion.so/_assets/41403-307f0552ed32bcfb.js:12:294664)
[  105623ms] [WARNING] Amplitude Logger [Warn]: Event not tracked, no destination plugins on the instance @ https://www.notion.so/_assets/51706-1770d9772fbdc756.js:6
[  106219ms] [ERROR] Failed to load resource: the server responded with a status of 403 () @ https://cdn.metadata.io/pixel/config/1127.json:0
